#
# A fatal error has been detected by the Java Runtime Environment:
#
#  SIGSEGV (0xb) at pc=0x00007f3185f0df4d, pid=11276, tid=0x00007f314b8f8700
#
# JRE version: Java(TM) SE Runtime Environment (8.0_121-b13) (build 1.8.0_121-b13)
# Java VM: Java HotSpot(TM) 64-Bit Server VM (25.121-b13 mixed mode linux-amd64 compressed oops)
# Problematic frame:
# C  [libc.so.6+0x39f4d]
#
# Failed to write core dump. Core dumps have been disabled. To enable core dumping, try "ulimit -c unlimited" before starting Java again
#
# If you would like to submit a bug report, please visit:
#   http://bugreport.java.com/bugreport/crash.jsp
#

---------------  T H R E A D  ---------------

Current thread is native thread

siginfo: si_signo: 11 (SIGSEGV), si_code: 128 (SI_KERNEL), si_addr: 0x0000000000000000

Registers:
RAX=0x00007f3186297b77, RBX=0x0000000000000001, RCX=0x000fe630c6d71630, RDX=0x000fe630c52f6f00
RSP=0x00007f314b8f7b00, RBP=0x00007f31862975f8, RSI=0x00007f3186299770, RDI=0x00007f3186298540
R8 =0x00007f3186299770, R9 =0x00007f314b8f8700, R10=0x00000000000001c6, R11=0x00007f3133d8e750
R12=0x0000000000000001, R13=0x0000000001a7a740, R14=0x00007f314b8f7ba0, R15=0x00007f310c3d2900
RIP=0x00007f3185f0df4d, EFLAGS=0x0000000000010206, CSGSFS=0x0000000000000033, ERR=0x0000000000000000
  TRAPNO=0x000000000000000d

Top of Stack: (sp=0x00007f314b8f7b00)
0x00007f314b8f7b00:   00007f310c3f5c40 000000000000000b
0x00007f314b8f7b10:   00007f3186063db0 00007f310c3f5c40
0x00007f314b8f7b20:   00007f310c3cecc0 00007f3185f0e045
0x00007f314b8f7b30:   000000000000000b 00007f314ad4dea1
0x00007f314b8f7b40:   00007f310c3d16b0 00007f310c3d16b0
0x00007f314b8f7b50:   00007f310c3f5c40 00007f310c3f5c40
0x00007f314b8f7b60:   0000000000000000 00007f3148842cee
0x00007f314b8f7b70:   00007f310c3d16b0 00007f3148840d4a
0x00007f314b8f7b80:   00007f314b8f7c14 00007f314b8f7c00
0x00007f314b8f7b90:   0000000000000000 0000000000000000
0x00007f314b8f7ba0:   0000000000000000 a99dd767ee703c00
0x00007f314b8f7bb0:   00007f3113ff7ae0 00007f310c3d16b0
0x00007f314b8f7bc0:   0000000000000000 000000000000009a
0x00007f314b8f7bd0:   0000000000000000 0000000000000000
0x00007f314b8f7be0:   0000000000000001 00007f3113d499f8
0x00007f314b8f7bf0:   0000000000000000 00007f314b8f7d2c
0x00007f314b8f7c00:   0000000000000000 00007f310c020240
0x00007f314b8f7c10:   00007f310c3d16b0 00007f3113d75901
0x00007f314b8f7c20:   0100000005200002 00007f3113d49940
0x00007f314b8f7c30:   0000000000000000 00007f310c3f2b68
0x00007f314b8f7c40:   00007f310c3d16b0 0000000000000000
0x00007f314b8f7c50:   0000000000000000 00007f3113d4a2d5
0x00007f314b8f7c60:   0000000000000004 00007f3186acf1e0
0x00007f314b8f7c70:   0000000000000005 0000000000000000
0x00007f314b8f7c80:   0100000000000001 0000000000000000
0x00007f314b8f7c90:   00007f310c3e7ee0 00007f310c3e7ee0
0x00007f314b8f7ca0:   00007f310c3d16b0 00007f310c007060
0x00007f314b8f7cb0:   00007f310c23e340 00007f310c020100
0x00007f314b8f7cc0:   00007f310c020240 00007f314b8f7ce0
0x00007f314b8f7cd0:   0000000031125a5c 00007f31866ba098
0x00007f314b8f7ce0:   0000000085ee4f01 00007f314b8f8700
0x00007f314b8f7cf0:   00007f3185ee1818 00007f3186ad09f0 

Instructions: (pc=0x00007f3185f0df4d)
0x00007f3185f0df2d:   ed 74 50 49 8b 45 08 48 89 c2 48 c1 e2 05 48 85
0x00007f3185f0df3d:   c0 49 8d 4c 15 f0 74 2a 48 83 e8 01 49 89 45 08
0x00007f3185f0df4d:   48 8b 11 48 83 fa 03 0f 84 a6 00 00 00 48 83 fa
0x00007f3185f0df5d:   04 74 78 48 83 fa 02 74 4a 48 83 e9 20 48 85 c0 

Register to memory mapping:

RAX=0x00007f3186297b77: <offset 0x3c3b77> in /lib/x86_64-linux-gnu/libc.so.6 at 0x00007f3185ed4000
RBX=0x0000000000000001 is an unknown value
RCX=0x000fe630c6d71630 is an unknown value
RDX=0x000fe630c52f6f00 is an unknown value
RSP=0x00007f314b8f7b00 is an unknown value
RBP=0x00007f31862975f8: <offset 0x3c35f8> in /lib/x86_64-linux-gnu/libc.so.6 at 0x00007f3185ed4000
RSI=0x00007f3186299770: <offset 0x3c5770> in /lib/x86_64-linux-gnu/libc.so.6 at 0x00007f3185ed4000
RDI=0x00007f3186298540: _IO_2_1_stderr_+0 in /lib/x86_64-linux-gnu/libc.so.6 at 0x00007f3185ed4000
R8 =0x00007f3186299770: <offset 0x3c5770> in /lib/x86_64-linux-gnu/libc.so.6 at 0x00007f3185ed4000
R9 =0x00007f314b8f8700 is an unknown value
R10=0x00000000000001c6 is an unknown value
R11=0x00007f3133d8e750: _ZNSt13basic_ostreamIwSt11char_traitsIwEE5flushEv+0 in /usr/lib/x86_64-linux-gnu/libstdc++.so.6 at 0x00007f3133c7e000
R12=0x0000000000000001 is an unknown value
R13=0x0000000001a7a740 is an unknown value
R14=0x00007f314b8f7ba0 is an unknown value
R15=0x00007f310c3d2900 is an unknown value


Stack: [0x00007f314b7f8000,0x00007f314b8f9000],  sp=0x00007f314b8f7b00,  free space=1022k
Native frames: (J=compiled Java code, j=interpreted, Vv=VM code, C=native code)
C  [libc.so.6+0x39f4d]
C